<?xml version="1.0" encoding="UTF-8" standalone="yes"?><!DOCTYPE report PUBLIC "-//JACOCO//DTD Report 1.0//EN"
		"report.dtd">
<report name="testcover">
	<sessioninfo id="chex23_npc_askkl3-c93103a3" start="1545288639664" dump="1545288639998"/>
	<package name="testcover">
		<class name="testcover/MyClassTypeOverload">
			<method name="&lt;init&gt;" desc="()V" line="3">
				<counter type="INSTRUCTION" missed="3" covered="0"/>
				<counter type="LINE" missed="1" covered="0"/>
				<counter type="COMPLEXITY" missed="1" covered="0"/>
				<counter type="METHOD" missed="1" covered="0"/>
			</method>
			<method name="getLiteralValue" desc="()Ljava/lang/String;" line="6">
				<counter type="INSTRUCTION" missed="2" covered="0"/>
				<counter type="LINE" missed="1" covered="0"/>
				<counter type="COMPLEXITY" missed="1" covered="0"/>
				<counter type="METHOD" missed="1" covered="0"/>
			</method>
			<method name="getLigeralValue" desc="(Ljava/lang/String;)Ljava/lang/String;" line="10">
				<counter type="INSTRUCTION" missed="2" covered="0"/>
				<counter type="LINE" missed="1" covered="0"/>
				<counter type="COMPLEXITY" missed="1" covered="0"/>
				<counter type="METHOD" missed="1" covered="0"/>
			</method>
			<method name="getLiteralValuePrivate" desc="()Ljava/lang/String;" line="14">
				<counter type="INSTRUCTION" missed="2" covered="0"/>
				<counter type="LINE" missed="1" covered="0"/>
				<counter type="COMPLEXITY" missed="1" covered="0"/>
				<counter type="METHOD" missed="1" covered="0"/>
			</method>
			<counter type="INSTRUCTION" missed="9" covered="0"/>
			<counter type="LINE" missed="4" covered="0"/>
			<counter type="COMPLEXITY" missed="4" covered="0"/>
			<counter type="METHOD" missed="4" covered="0"/>
			<counter type="CLASS" missed="1" covered="0"/>
		</class>
		<class name="testcover/MyClassType">
			<method name="&lt;init&gt;" desc="()V" line="3">
				<counter type="INSTRUCTION" missed="0" covered="3"/>
				<counter type="LINE" missed="0" covered="1"/>
				<counter type="COMPLEXITY" missed="0" covered="1"/>
				<counter type="METHOD" missed="0" covered="1"/>
			</method>
			<method name="getLiteralValue" desc="()Ljava/lang/String;" line="6">
				<counter type="INSTRUCTION" missed="0" covered="2"/>
				<counter type="LINE" missed="0" covered="1"/>
				<counter type="COMPLEXITY" missed="0" covered="1"/>
				<counter type="METHOD" missed="0" covered="1"/>
			</method>
			<counter type="INSTRUCTION" missed="0" covered="5"/>
			<counter type="LINE" missed="0" covered="2"/>
			<counter type="COMPLEXITY" missed="0" covered="2"/>
			<counter type="METHOD" missed="0" covered="2"/>
			<counter type="CLASS" missed="0" covered="1"/>
		</class>
		<sourcefile name="MyClassType.java">
			<line nr="3" mi="0" ci="3" mb="0" cb="0"/>
			<line nr="6" mi="0" ci="2" mb="0" cb="0"/>
			<counter type="INSTRUCTION" missed="0" covered="5"/>
			<counter type="LINE" missed="0" covered="2"/>
			<counter type="COMPLEXITY" missed="0" covered="2"/>
			<counter type="METHOD" missed="0" covered="2"/>
			<counter type="CLASS" missed="0" covered="1"/>
		</sourcefile>
		<sourcefile name="MyClassTypeOverload.java">
			<line nr="3" mi="3" ci="0" mb="0" cb="0"/>
			<line nr="6" mi="2" ci="0" mb="0" cb="0"/>
			<line nr="10" mi="2" ci="0" mb="0" cb="0"/>
			<line nr="14" mi="2" ci="0" mb="0" cb="0"/>
			<counter type="INSTRUCTION" missed="9" covered="0"/>
			<counter type="LINE" missed="4" covered="0"/>
			<counter type="COMPLEXITY" missed="4" covered="0"/>
			<counter type="METHOD" missed="4" covered="0"/>
			<counter type="CLASS" missed="1" covered="0"/>
		</sourcefile>
		<counter type="INSTRUCTION" missed="9" covered="5"/>
		<counter type="LINE" missed="4" covered="2"/>
		<counter type="COMPLEXITY" missed="4" covered="2"/>
		<counter type="METHOD" missed="4" covered="2"/>
		<counter type="CLASS" missed="1" covered="1"/>
	</package>
	<counter type="INSTRUCTION" missed="9" covered="5"/>
	<counter type="LINE" missed="4" covered="2"/>
	<counter type="COMPLEXITY" missed="4" covered="2"/>
	<counter type="METHOD" missed="4" covered="2"/>
	<counter type="CLASS" missed="1" covered="1"/>
</report>